pingpong_server: no process found
Bufsize: 16384 Threads: 1 Sessions: 1
20220315 16:54:57.521762Z  4362 INFO  pid = 4362, tid = 4362 - server.cc:38
20220315 16:54:57.522432Z  4363 INFO  pid = 4363, tid = 4363 - client.cc:197
20220315 16:54:57.522644Z  4363 WARN  all connected - client.cc:122
20220315 16:56:37.522534Z  4363 WARN  stop - client.cc:158
20220315 16:56:37.522627Z  4363 WARN  all disconnected - client.cc:130
20220315 16:56:37.522645Z  4363 WARN  26174308352 total bytes read - client.cc:139
20220315 16:56:37.522656Z  4363 WARN  1597553 total messages read - client.cc:140
20220315 16:56:37.522657Z  4363 WARN  16384 average message size - client.cc:141
20220315 16:56:37.522662Z  4363 WARN  249.61765625 MiB/s throughput - client.cc:143
Bufsize: 16384 Threads: 1 Sessions: 10
20220315 16:56:42.541992Z  4365 INFO  pid = 4365, tid = 4365 - server.cc:38
20220315 16:56:42.542616Z  4366 INFO  pid = 4366, tid = 4366 - client.cc:197
20220315 16:56:42.543105Z  4366 WARN  all connected - client.cc:122
20220315 16:58:22.542742Z  4366 WARN  stop - client.cc:158
20220315 16:58:22.543152Z  4366 WARN  all disconnected - client.cc:130
20220315 16:58:22.543174Z  4366 WARN  295933198336 total bytes read - client.cc:139
20220315 16:58:22.543176Z  4366 WARN  18062329 total messages read - client.cc:140
20220315 16:58:22.543177Z  4366 WARN  16384 average message size - client.cc:141
20220315 16:58:22.543181Z  4366 WARN  2822.23890625 MiB/s throughput - client.cc:143
Bufsize: 16384 Threads: 1 Sessions: 100
20220315 16:58:27.560248Z  4368 INFO  pid = 4368, tid = 4368 - server.cc:38
20220315 16:58:27.561061Z  4369 INFO  pid = 4369, tid = 4369 - client.cc:197
20220315 16:58:27.565180Z  4369 WARN  all connected - client.cc:122
20220315 17:00:07.561854Z  4369 WARN  stop - client.cc:158
20220315 17:00:07.563007Z  4369 WARN  all disconnected - client.cc:130
20220315 17:00:07.563036Z  4369 WARN  230619480064 total bytes read - client.cc:139
20220315 17:00:07.563039Z  4369 WARN  14075896 total messages read - client.cc:140
20220315 17:00:07.563040Z  4369 WARN  16384 average message size - client.cc:141
20220315 17:00:07.563046Z  4369 WARN  2199.35875 MiB/s throughput - client.cc:143
Bufsize: 16384 Threads: 1 Sessions: 1000
20220315 17:00:12.580714Z  4371 INFO  pid = 4371, tid = 4371 - server.cc:38
20220315 17:00:12.581431Z  4372 INFO  pid = 4372, tid = 4372 - client.cc:197
20220315 17:00:12.609397Z  4372 WARN  all connected - client.cc:122
20220315 17:01:52.592898Z  4372 WARN  stop - client.cc:158
20220315 17:01:52.606129Z  4372 WARN  all disconnected - client.cc:130
20220315 17:01:52.606171Z  4372 WARN  155009679360 total bytes read - client.cc:139
20220315 17:01:52.606174Z  4372 WARN  9461040 total messages read - client.cc:140
20220315 17:01:52.606175Z  4372 WARN  16384 average message size - client.cc:141
20220315 17:01:52.606186Z  4372 WARN  1478.2875 MiB/s throughput - client.cc:143
Bufsize: 16384 Threads: 1 Sessions: 10000
20220315 17:01:57.625739Z  4374 INFO  pid = 4374, tid = 4374 - server.cc:38
20220315 17:01:57.626689Z  4375 INFO  pid = 4375, tid = 4375 - client.cc:197
20220315 17:01:57.652205Z  4375 FATAL Too many open files (errno=24) sockets::createNonblockingOrDie - SocketsOps.cc:91
20220315 17:01:57.652215Z  4374 ERROR Too many open files (errno=24) Socket::accept - SocketsOps.cc:128
20220315 17:01:57.652242Z  4374 ERROR Too many open files (errno=24) in Acceptor::handleRead - Acceptor.cc:76
20220315 17:01:57.652280Z  4374 ERROR Too many open files (errno=24) Socket::accept - SocketsOps.cc:128
20220315 17:01:57.652339Z  4374 ERROR Too many open files (errno=24) in Acceptor::handleRead - Acceptor.cc:76
Aborted